<?xml version="1.0" encoding="UTF-8"?>
<testsuite xmlns:xsi="http://www.w3.org/2001/XMLSchema-instance" xsi:noNamespaceSchemaLocation="https://maven.apache.org/surefire/maven-surefire-plugin/xsd/surefire-test-report-3.0.xsd" version="3.0" name="com.snikers.app.service.ProductServiceIntegrationTest" time="8.766" tests="2" errors="0" skipped="0" failures="0">
  <properties>
[...]
</properties>
  <testcase name="shouldDeactivateProductInsteadOfDeleting" classname="com.snikers.app.service.ProductServiceIntegrationTest" time="0.556">
    <system-out><![CDATA[15:02:47.501 [main] INFO org.springframework.test.context.support.AnnotationConfigContextLoaderUtils -- Could not detect default configuration classes for test class [com.snikers.app.service.ProductServiceIntegrationTest]: ProductServiceIntegrationTest does not declare any static, non-private, non-final, nested classes annotated with @Configuration.
15:02:47.641 [main] INFO org.springframework.boot.test.context.SpringBootTestContextBootstrapper -- Found @SpringBootConfiguration com.snikers.app.SnikersApplication for test class com.snikers.app.service.ProductServiceIntegrationTest
15:02:47.804 [main] INFO org.springframework.boot.devtools.restart.RestartApplicationListener -- Restart disabled due to context in which it is running

  .   ____          _            __ _ _
 /\\ / ___'_ __ _ _(_)_ __  __ _ \ \ \ \
( ( )\___ | '_ | '_| | '_ \/ _` | \ \ \ \
 \\/  ___)| |_)| | | | | || (_| |  ) ) ) )
  '  |____| .__|_| |_|_| |_\__, | / / / /
 =========|_|==============|___/=/_/_/_/
 :: Spring Boot ::                (v3.2.3)

2026-05-26T15:02:48.056-05:00  INFO 6156 --- [           main] c.s.a.s.ProductServiceIntegrationTest    : Starting ProductServiceIntegrationTest using Java 21.0.8 with PID 6156 (started by LENOVO in C:\Users\LENOVO\OneDrive\Desktop\snikers)
2026-05-26T15:02:48.058-05:00  INFO 6156 --- [           main] c.s.a.s.ProductServiceIntegrationTest    : The following 1 profile is active: "test"
2026-05-26T15:02:49.108-05:00  INFO 6156 --- [           main] .s.d.r.c.RepositoryConfigurationDelegate : Bootstrapping Spring Data JPA repositories in DEFAULT mode.
2026-05-26T15:02:49.216-05:00  INFO 6156 --- [           main] .s.d.r.c.RepositoryConfigurationDelegate : Finished Spring Data repository scanning in 97 ms. Found 8 JPA repository interfaces.
2026-05-26T15:02:50.057-05:00  INFO 6156 --- [           main] o.hibernate.jpa.internal.util.LogHelper  : HHH000204: Processing PersistenceUnitInfo [name: default]
2026-05-26T15:02:50.139-05:00  INFO 6156 --- [           main] org.hibernate.Version                    : HHH000412: Hibernate ORM core version 6.4.4.Final
2026-05-26T15:02:50.211-05:00  INFO 6156 --- [           main] o.h.c.internal.RegionFactoryInitiator    : HHH000026: Second-level cache disabled
2026-05-26T15:02:50.526-05:00  INFO 6156 --- [           main] o.s.o.j.p.SpringPersistenceUnitInfo      : No LoadTimeWeaver setup: ignoring JPA class transformer
2026-05-26T15:02:50.564-05:00  INFO 6156 --- [           main] com.zaxxer.hikari.HikariDataSource       : HikariPool-1 - Starting...
2026-05-26T15:02:50.756-05:00  INFO 6156 --- [           main] com.zaxxer.hikari.pool.HikariPool        : HikariPool-1 - Added connection conn0: url=jdbc:h2:mem:testdb user=SA
2026-05-26T15:02:50.757-05:00  INFO 6156 --- [           main] com.zaxxer.hikari.HikariDataSource       : HikariPool-1 - Start completed.
2026-05-26T15:02:50.781-05:00  WARN 6156 --- [           main] org.hibernate.orm.deprecation            : HHH90000025: H2Dialect does not need to be specified explicitly using 'hibernate.dialect' (remove the property setting and it will be selected by default)
2026-05-26T15:02:51.815-05:00  INFO 6156 --- [           main] o.h.e.t.j.p.i.JtaPlatformInitiator       : HHH000489: No JTA platform available (set 'hibernate.transaction.jta.platform' to enable JTA platform integration)
Hibernate: drop table if exists addresses cascade 
Hibernate: drop table if exists cart_items cascade 
Hibernate: drop table if exists carts cascade 
Hibernate: drop table if exists categories cascade 
Hibernate: drop table if exists favorites cascade 
Hibernate: drop table if exists order_items cascade 
Hibernate: drop table if exists orders cascade 
Hibernate: drop table if exists products cascade 
Hibernate: drop table if exists users cascade 
Hibernate: create table addresses (is_default boolean, city_id bigint, created_at timestamp(6), deleted_at timestamp(6), id bigint generated by default as identity, updated_at timestamp(6), user_id bigint, city varchar(255), country varchar(255), full_name varchar(255), label varchar(255), line1 varchar(255), line2 varchar(255), notes varchar(255), phone varchar(255), postal_code varchar(255), recipient_name varchar(255), state varchar(255), street varchar(255), street_address varchar(255), type varchar(255), zip_code varchar(255), primary key (id))
Hibernate: create table cart_items (quantity integer, cart_id bigint, id bigint generated by default as identity, product_id bigint, color varchar(255), size varchar(255), primary key (id))
Hibernate: create table carts (id bigint generated by default as identity, user_id bigint unique, primary key (id))
Hibernate: create table categories (id bigint generated by default as identity, description varchar(255), name varchar(255) unique, primary key (id))
Hibernate: create table favorites (created_at timestamp(6), id bigint generated by default as identity, product_id bigint, user_id bigint, primary key (id))
Hibernate: create table order_items (price numeric(38,2), quantity integer, id bigint generated by default as identity, order_id bigint, product_id bigint, color varchar(255), size varchar(255), primary key (id))
Hibernate: create table orders (discount_amount numeric(38,2), discount_percent numeric(38,2), refund_requested boolean, subtotal numeric(38,2), total_amount numeric(38,2), id bigint generated by default as identity, order_date timestamp(6), user_id bigint, coupon_code varchar(255), payment_method varchar(255), refund_reason varchar(255), refund_response varchar(255), refund_status varchar(255), shipping_address varchar(255), status varchar(255) check (status in ('PENDING','PAID','SHIPPED','IN_TRANSIT','DELIVERED','CANCELLED','COMPLETED','REFUND_REQUESTED','REFUND_APPROVED','REFUND_REJECTED')), primary key (id))
Hibernate: create table products (compare_price numeric(38,2), price numeric(38,2), stock integer, category_id bigint, created_at timestamp(6), id bigint generated by default as identity, description varchar(1000), brand varchar(255), colors varchar(255), image_url varchar(255), name varchar(255), sizes varchar(255), sku varchar(255) unique, status varchar(255) check (status in ('ACTIVE','INACTIVE','DRAFT')), primary key (id))
Hibernate: create table users (created_at timestamp(6), id bigint generated by default as identity, email varchar(255) unique, name varchar(255), password varchar(255), phone varchar(255), role varchar(255) check (role in ('USER','ADMIN')), status varchar(255) check (status in ('ACTIVE','BLOCKED','INACTIVE')), primary key (id))
Hibernate: alter table if exists addresses add constraint FK1fa36y2oqhao3wgg2rw1pi459 foreign key (user_id) references users
Hibernate: alter table if exists cart_items add constraint FKpcttvuq4mxppo8sxggjtn5i2c foreign key (cart_id) references carts
Hibernate: alter table if exists cart_items add constraint FK1re40cjegsfvw58xrkdp6bac6 foreign key (product_id) references products
Hibernate: alter table if exists carts add constraint FKb5o626f86h46m4s7ms6ginnop foreign key (user_id) references users
Hibernate: alter table if exists favorites add constraint FK6sgu5npe8ug4o42bf9j71x20c foreign key (product_id) references products
Hibernate: alter table if exists favorites add constraint FKk7du8b8ewipawnnpg76d55fus foreign key (user_id) references users
Hibernate: alter table if exists order_items add constraint FKbioxgbv59vetrxe0ejfubep1w foreign key (order_id) references orders
Hibernate: alter table if exists order_items add constraint FKocimc7dtr037rh4ls4l95nlfi foreign key (product_id) references products
Hibernate: alter table if exists orders add constraint FK32ql8ubntj5uh44ph9659tiih foreign key (user_id) references users
Hibernate: alter table if exists products add constraint FKog2rp4qthbtt2lfyhfo32lsw9 foreign key (category_id) references categories
2026-05-26T15:02:51.892-05:00  INFO 6156 --- [           main] j.LocalContainerEntityManagerFactoryBean : Initialized JPA EntityManagerFactory for persistence unit 'default'
2026-05-26T15:02:52.890-05:00  INFO 6156 --- [           main] o.s.d.j.r.query.QueryEnhancerFactory     : Hibernate is in classpath; If applicable, HQL parser will be used.
2026-05-26T15:02:53.876-05:00  WARN 6156 --- [           main] JpaBaseConfiguration$JpaWebConfiguration : spring.jpa.open-in-view is enabled by default. Therefore, database queries may be performed during view rendering. Explicitly configure spring.jpa.open-in-view to disable this warning
2026-05-26T15:02:54.074-05:00  INFO 6156 --- [           main] o.s.b.a.w.s.WelcomePageHandlerMapping    : Adding welcome page: class path resource [static/index.html]
2026-05-26T15:02:54.654-05:00  INFO 6156 --- [           main] o.s.b.a.e.web.EndpointLinksResolver      : Exposing 1 endpoint(s) beneath base path '/actuator'
2026-05-26T15:02:54.824-05:00  INFO 6156 --- [           main] o.s.s.web.DefaultSecurityFilterChain     : Will secure any request with [org.springframework.security.web.session.DisableEncodeUrlFilter@5961fad1, org.springframework.security.web.context.request.async.WebAsyncManagerIntegrationFilter@1e275478, org.springframework.security.web.context.SecurityContextHolderFilter@7b6bcbee, org.springframework.security.web.header.HeaderWriterFilter@7dc0b40a, org.springframework.web.filter.CorsFilter@42e1bfe1, org.springframework.security.web.authentication.logout.LogoutFilter@472c13d, com.snikers.app.security.JwtAuthenticationFilter@6a4d72bd, org.springframework.security.web.savedrequest.RequestCacheAwareFilter@7408b3db, org.springframework.security.web.servletapi.SecurityContextHolderAwareRequestFilter@5e18309e, org.springframework.security.web.authentication.AnonymousAuthenticationFilter@399dc033, org.springframework.security.web.session.SessionManagementFilter@3366a998, org.springframework.security.web.access.ExceptionTranslationFilter@62db3787, org.springframework.security.web.access.intercept.AuthorizationFilter@c91ced9]
2026-05-26T15:02:55.420-05:00  INFO 6156 --- [           main] c.s.a.s.ProductServiceIntegrationTest    : Started ProductServiceIntegrationTest in 7.631 seconds (process running for 8.62)
Hibernate: insert into products (brand,category_id,colors,compare_price,created_at,description,image_url,name,price,sizes,sku,status,stock,id) values (?,?,?,?,?,?,?,?,?,?,?,?,?,default)
Hibernate: select p1_0.id,p1_0.brand,c1_0.id,c1_0.description,c1_0.name,p1_0.colors,p1_0.compare_price,p1_0.created_at,p1_0.description,p1_0.image_url,p1_0.name,p1_0.price,p1_0.sizes,p1_0.sku,p1_0.status,p1_0.stock from products p1_0 left join categories c1_0 on c1_0.id=p1_0.category_id where p1_0.id=?
Hibernate: select p1_0.id,p1_0.brand,c1_0.id,c1_0.description,c1_0.name,p1_0.colors,p1_0.compare_price,p1_0.created_at,p1_0.description,p1_0.image_url,p1_0.name,p1_0.price,p1_0.sizes,p1_0.sku,p1_0.status,p1_0.stock from products p1_0 left join categories c1_0 on c1_0.id=p1_0.category_id where p1_0.id=?
Hibernate: update products set brand=?,category_id=?,colors=?,compare_price=?,created_at=?,description=?,image_url=?,name=?,price=?,sizes=?,sku=?,status=?,stock=? where id=?
Hibernate: select p1_0.id,p1_0.brand,c1_0.id,c1_0.description,c1_0.name,p1_0.colors,p1_0.compare_price,p1_0.created_at,p1_0.description,p1_0.image_url,p1_0.name,p1_0.price,p1_0.sizes,p1_0.sku,p1_0.status,p1_0.stock from products p1_0 left join categories c1_0 on c1_0.id=p1_0.category_id where p1_0.id=?
]]></system-out>
    <system-err><![CDATA[WARNING: A Java agent has been loaded dynamically (C:\Users\LENOVO\.m2\repository\net\bytebuddy\byte-buddy-agent\1.14.12\byte-buddy-agent-1.14.12.jar)
WARNING: If a serviceability tool is in use, please run with -XX:+EnableDynamicAgentLoading to hide this warning
WARNING: If a serviceability tool is not in use, please run with -Djdk.instrument.traceUsage for more information
WARNING: Dynamic loading of agents will be disallowed by default in a future release
]]></system-err>
  </testcase>
  <testcase name="shouldUpdateProductStock" classname="com.snikers.app.service.ProductServiceIntegrationTest" time="0.009">
    <system-out><![CDATA[Hibernate: insert into products (brand,category_id,colors,compare_price,created_at,description,image_url,name,price,sizes,sku,status,stock,id) values (?,?,?,?,?,?,?,?,?,?,?,?,?,default)
Hibernate: select p1_0.id,p1_0.brand,c1_0.id,c1_0.description,c1_0.name,p1_0.colors,p1_0.compare_price,p1_0.created_at,p1_0.description,p1_0.image_url,p1_0.name,p1_0.price,p1_0.sizes,p1_0.sku,p1_0.status,p1_0.stock from products p1_0 left join categories c1_0 on c1_0.id=p1_0.category_id where p1_0.id=?
Hibernate: select p1_0.id,p1_0.brand,c1_0.id,c1_0.description,c1_0.name,p1_0.colors,p1_0.compare_price,p1_0.created_at,p1_0.description,p1_0.image_url,p1_0.name,p1_0.price,p1_0.sizes,p1_0.sku,p1_0.status,p1_0.stock from products p1_0 left join categories c1_0 on c1_0.id=p1_0.category_id where p1_0.id=?
Hibernate: update products set brand=?,category_id=?,colors=?,compare_price=?,created_at=?,description=?,image_url=?,name=?,price=?,sizes=?,sku=?,status=?,stock=? where id=?
]]></system-out>
  </testcase>
</testsuite>